  QuanLyDocGia.cpp
D:\QuanLyThuVienBangCCode\QLTVCCode\QuanLyDocGia.cpp(318,5): warning C4996: 'strcpy': This function or variable may be unsafe. Consider using strcpy_s instead. To disable deprecation, use _CRT_SECURE_NO_WARNINGS. See online help for details.
D:\QuanLyThuVienBangCCode\QLTVCCode\QuanLyDocGia.cpp(321,5): warning C4996: 'strcpy': This function or variable may be unsafe. Consider using strcpy_s instead. To disable deprecation, use _CRT_SECURE_NO_WARNINGS. See online help for details.
D:\QuanLyThuVienBangCCode\QLTVCCode\QuanLyDocGia.cpp(324,5): warning C4996: 'strcpy': This function or variable may be unsafe. Consider using strcpy_s instead. To disable deprecation, use _CRT_SECURE_NO_WARNINGS. See online help for details.
D:\QuanLyThuVienBangCCode\QLTVCCode\QuanLyDocGia.cpp(327,5): warning C4996: 'strcpy': This function or variable may be unsafe. Consider using strcpy_s instead. To disable deprecation, use _CRT_SECURE_NO_WARNINGS. See online help for details.
D:\QuanLyThuVienBangCCode\QLTVCCode\QuanLyDocGia.cpp(330,5): warning C4996: 'strcpy': This function or variable may be unsafe. Consider using strcpy_s instead. To disable deprecation, use _CRT_SECURE_NO_WARNINGS. See online help for details.
D:\QuanLyThuVienBangCCode\QLTVCCode\QuanLyDocGia.cpp(333,5): warning C4996: 'strcpy': This function or variable may be unsafe. Consider using strcpy_s instead. To disable deprecation, use _CRT_SECURE_NO_WARNINGS. See online help for details.
D:\QuanLyThuVienBangCCode\QLTVCCode\QuanLyDocGia.cpp(447,4): warning C4996: 'strcpy': This function or variable may be unsafe. Consider using strcpy_s instead. To disable deprecation, use _CRT_SECURE_NO_WARNINGS. See online help for details.
D:\QuanLyThuVienBangCCode\QLTVCCode\QuanLyDocGia.cpp(448,4): warning C4996: 'strcpy': This function or variable may be unsafe. Consider using strcpy_s instead. To disable deprecation, use _CRT_SECURE_NO_WARNINGS. See online help for details.
D:\QuanLyThuVienBangCCode\QLTVCCode\QuanLyDocGia.cpp(449,4): warning C4996: 'strcpy': This function or variable may be unsafe. Consider using strcpy_s instead. To disable deprecation, use _CRT_SECURE_NO_WARNINGS. See online help for details.
D:\QuanLyThuVienBangCCode\QLTVCCode\QuanLyDocGia.cpp(450,4): warning C4996: 'strcpy': This function or variable may be unsafe. Consider using strcpy_s instead. To disable deprecation, use _CRT_SECURE_NO_WARNINGS. See online help for details.
D:\QuanLyThuVienBangCCode\QLTVCCode\QuanLyDocGia.cpp(451,4): warning C4996: 'strcpy': This function or variable may be unsafe. Consider using strcpy_s instead. To disable deprecation, use _CRT_SECURE_NO_WARNINGS. See online help for details.
D:\QuanLyThuVienBangCCode\QLTVCCode\QuanLyDocGia.cpp(452,4): warning C4996: 'strcpy': This function or variable may be unsafe. Consider using strcpy_s instead. To disable deprecation, use _CRT_SECURE_NO_WARNINGS. See online help for details.
D:\QuanLyThuVienBangCCode\QLTVCCode\QuanLyDocGia.cpp(453,4): warning C4996: 'strcpy': This function or variable may be unsafe. Consider using strcpy_s instead. To disable deprecation, use _CRT_SECURE_NO_WARNINGS. See online help for details.
  QuanLySach.cpp
D:\QuanLyThuVienBangCCode\QLTVCCode\QuanLySach.cpp(72,4): warning C4996: 'scanf': This function or variable may be unsafe. Consider using scanf_s instead. To disable deprecation, use _CRT_SECURE_NO_WARNINGS. See online help for details.
D:\QuanLyThuVienBangCCode\QLTVCCode\QuanLySach.cpp(158,3): warning C4996: 'scanf': This function or variable may be unsafe. Consider using scanf_s instead. To disable deprecation, use _CRT_SECURE_NO_WARNINGS. See online help for details.
D:\QuanLyThuVienBangCCode\QLTVCCode\QuanLySach.cpp(205,5): warning C4996: 'scanf': This function or variable may be unsafe. Consider using scanf_s instead. To disable deprecation, use _CRT_SECURE_NO_WARNINGS. See online help for details.
D:\QuanLyThuVienBangCCode\QLTVCCode\QuanLySach.cpp(238,3): warning C4996: 'scanf': This function or variable may be unsafe. Consider using scanf_s instead. To disable deprecation, use _CRT_SECURE_NO_WARNINGS. See online help for details.
D:\QuanLyThuVienBangCCode\QLTVCCode\QuanLySach.cpp(244,4): warning C4996: 'scanf': This function or variable may be unsafe. Consider using scanf_s instead. To disable deprecation, use _CRT_SECURE_NO_WARNINGS. See online help for details.
D:\QuanLyThuVienBangCCode\QLTVCCode\QuanLySach.cpp(257,5): warning C4996: 'strcpy': This function or variable may be unsafe. Consider using strcpy_s instead. To disable deprecation, use _CRT_SECURE_NO_WARNINGS. See online help for details.
D:\QuanLyThuVienBangCCode\QLTVCCode\QuanLySach.cpp(260,5): warning C4996: 'strcpy': This function or variable may be unsafe. Consider using strcpy_s instead. To disable deprecation, use _CRT_SECURE_NO_WARNINGS. See online help for details.
D:\QuanLyThuVienBangCCode\QLTVCCode\QuanLySach.cpp(263,5): warning C4996: 'strcpy': This function or variable may be unsafe. Consider using strcpy_s instead. To disable deprecation, use _CRT_SECURE_NO_WARNINGS. See online help for details.
D:\QuanLyThuVienBangCCode\QLTVCCode\QuanLySach.cpp(266,5): warning C4996: 'strcpy': This function or variable may be unsafe. Consider using strcpy_s instead. To disable deprecation, use _CRT_SECURE_NO_WARNINGS. See online help for details.
D:\QuanLyThuVienBangCCode\QLTVCCode\QuanLySach.cpp(269,5): warning C4996: 'strcpy': This function or variable may be unsafe. Consider using strcpy_s instead. To disable deprecation, use _CRT_SECURE_NO_WARNINGS. See online help for details.
D:\QuanLyThuVienBangCCode\QLTVCCode\QuanLySach.cpp(272,5): warning C4996: 'strcpy': This function or variable may be unsafe. Consider using strcpy_s instead. To disable deprecation, use _CRT_SECURE_NO_WARNINGS. See online help for details.
D:\QuanLyThuVienBangCCode\QLTVCCode\QuanLySach.cpp(275,5): warning C4996: 'strcpy': This function or variable may be unsafe. Consider using strcpy_s instead. To disable deprecation, use _CRT_SECURE_NO_WARNINGS. See online help for details.
D:\QuanLyThuVienBangCCode\QLTVCCode\QuanLySach.cpp(346,3): warning C4996: 'scanf': This function or variable may be unsafe. Consider using scanf_s instead. To disable deprecation, use _CRT_SECURE_NO_WARNINGS. See online help for details.
D:\QuanLyThuVienBangCCode\QLTVCCode\QuanLySach.cpp(381,4): warning C4996: 'strcpy': This function or variable may be unsafe. Consider using strcpy_s instead. To disable deprecation, use _CRT_SECURE_NO_WARNINGS. See online help for details.
D:\QuanLyThuVienBangCCode\QLTVCCode\QuanLySach.cpp(382,4): warning C4996: 'strcpy': This function or variable may be unsafe. Consider using strcpy_s instead. To disable deprecation, use _CRT_SECURE_NO_WARNINGS. See online help for details.
D:\QuanLyThuVienBangCCode\QLTVCCode\QuanLySach.cpp(383,4): warning C4996: 'strcpy': This function or variable may be unsafe. Consider using strcpy_s instead. To disable deprecation, use _CRT_SECURE_NO_WARNINGS. See online help for details.
D:\QuanLyThuVienBangCCode\QLTVCCode\QuanLySach.cpp(384,4): warning C4996: 'strcpy': This function or variable may be unsafe. Consider using strcpy_s instead. To disable deprecation, use _CRT_SECURE_NO_WARNINGS. See online help for details.
D:\QuanLyThuVienBangCCode\QLTVCCode\QuanLySach.cpp(385,4): warning C4996: 'strcpy': This function or variable may be unsafe. Consider using strcpy_s instead. To disable deprecation, use _CRT_SECURE_NO_WARNINGS. See online help for details.
D:\QuanLyThuVienBangCCode\QLTVCCode\QuanLySach.cpp(386,4): warning C4996: 'strcpy': This function or variable may be unsafe. Consider using strcpy_s instead. To disable deprecation, use _CRT_SECURE_NO_WARNINGS. See online help for details.
D:\QuanLyThuVienBangCCode\QLTVCCode\QuanLySach.cpp(387,4): warning C4996: 'strcpy': This function or variable may be unsafe. Consider using strcpy_s instead. To disable deprecation, use _CRT_SECURE_NO_WARNINGS. See online help for details.
  Generating Code...
  QLTVCCode.vcxproj -> D:\QuanLyThuVienBangCCode\Debug\QLTVCCode.exe
